0 info it worked if it ends with ok
1 verbose cli [ '/Users/annaimpson/.nvm/versions/node/v7.2.1/bin/node',
1 verbose cli   '/Users/annaimpson/.nvm/versions/node/v7.2.1/bin/npm',
1 verbose cli   'run',
1 verbose cli   'watch' ]
2 info using npm@3.10.10
3 info using node@v7.2.1
4 verbose run-script [ 'prewatch', 'watch', 'postwatch' ]
5 info lifecycle @~prewatch: @
6 silly lifecycle @~prewatch: no script for prewatch, continuing
7 info lifecycle @~watch: @
8 verbose lifecycle @~watch: unsafe-perm in lifecycle true
9 verbose lifecycle @~watch: PATH: /Users/annaimpson/.nvm/versions/node/v7.2.1/lib/node_modules/npm/bin/node-gyp-bin:/Users/annaimpson/Documents/code/snowfall-effect/node_modules/.bin:/Users/annaimpson/.rvm/gems/ruby-2.3.0/bin:/Users/annaimpson/.rvm/gems/ruby-2.3.0@global/bin:/Users/annaimpson/.rvm/rubies/ruby-2.3.0/bin:/Users/annaimpson/.nvm/versions/node/v7.2.1/bin:/usr/local/bin:/usr/bin:/bin:/usr/sbin:/sbin:/Users/annaimpson/.rvm/bin
10 verbose lifecycle @~watch: CWD: /Users/annaimpson/Documents/code/snowfall-effect
11 silly lifecycle @~watch: Args: [ '-c',
11 silly lifecycle   'parallelshell \'npm run watch:html\' \'npm run watch:scss\' \'npm run watch:images\' \'npm run watch:fonts\' \'npm run watch:js\' \'npm run server\'' ]
12 info lifecycle @~watch: Failed to exec watch script
13 verbose stack Error: @ watch: `parallelshell 'npm run watch:html' 'npm run watch:scss' 'npm run watch:images' 'npm run watch:fonts' 'npm run watch:js' 'npm run server'`
13 verbose stack spawn ENOENT
13 verbose stack     at ChildProcess.<anonymous> (/Users/annaimpson/.nvm/versions/node/v7.2.1/lib/node_modules/npm/lib/utils/spawn.js:33:16)
13 verbose stack     at emitTwo (events.js:106:13)
13 verbose stack     at ChildProcess.emit (events.js:191:7)
13 verbose stack     at maybeClose (internal/child_process.js:885:16)
13 verbose stack     at Process.ChildProcess._handle.onexit (internal/child_process.js:226:5)
14 verbose pkgid @
15 verbose cwd /Users/annaimpson/Documents/code/snowfall-effect
16 error Darwin 15.6.0
17 error argv "/Users/annaimpson/.nvm/versions/node/v7.2.1/bin/node" "/Users/annaimpson/.nvm/versions/node/v7.2.1/bin/npm" "run" "watch"
18 error node v7.2.1
19 error npm  v3.10.10
20 error file sh
21 error code ELIFECYCLE
22 error errno ENOENT
23 error syscall spawn
24 error @ watch: `parallelshell 'npm run watch:html' 'npm run watch:scss' 'npm run watch:images' 'npm run watch:fonts' 'npm run watch:js' 'npm run server'`
24 error spawn ENOENT
25 error Failed at the @ watch script 'parallelshell 'npm run watch:html' 'npm run watch:scss' 'npm run watch:images' 'npm run watch:fonts' 'npm run watch:js' 'npm run server''.
25 error Make sure you have the latest version of node.js and npm installed.
25 error If you do, this is most likely a problem with the  package,
25 error not with npm itself.
25 error Tell the author that this fails on your system:
25 error     parallelshell 'npm run watch:html' 'npm run watch:scss' 'npm run watch:images' 'npm run watch:fonts' 'npm run watch:js' 'npm run server'
25 error You can get information on how to open an issue for this project with:
25 error     npm bugs
25 error Or if that isn't available, you can get their info via:
25 error     npm owner ls
25 error There is likely additional logging output above.
26 verbose exit [ 1, true ]
